#separator \x09
#set_separator	,
#empty_field	(empty)
#unset_field	-
#path	http
#open	2026-02-08-18-43-22
#fields	ts	uid	id.orig_h	id.orig_p	id.resp_h	id.resp_p	trans_depth	method	host	uri	referrer	version	user_agent	origin	request_body_len	response_body_len	status_code	status_msg	info_code	info_msg	tags	username	password	proxied	orig_fuids	orig_filenames	orig_mime_types	resp_fuids	resp_filenames	resp_mime_types
#types	time	string	addr	port	addr	port	count	string	string	string	string	string	string	string	count	count	count	string	count	string	set[enum]	string	string	set[string]	vector[string]	vector[string]	vector[string]	vector[string]	vector[string]	vector[string]
1770556402.367627	CG8cZM2CtSCLYN5I4h	2401:4900:3e38:68b9:843b:bfa0:e210:7f3f	55361	2606:4700:83b2:8c7c:331b:4c6:ccc4:a209	80	1	GET	example.com	/	-	1.1	curl/8.7.1	-	0	513	200	OK	-	-	(empty)	-	-	-	-	-	-	FkYNAtXzan2OrVNsg	-	text/html
1770556402.757078	CEBFWx2CCuYrcYGKPa	2401:4900:3e38:68b9:843b:bfa0:e210:7f3f	55362	2606:4700:83b2:8c7c:331b:4c6:ccc4:a209	80	1	GET	example.com	/	-	1.1	curl/8.7.1	-	0	513	200	OK	-	-	(empty)	-	-	-	-	-	-	FxsBbO25b0AOhAkUjl	-	text/html
1770556402.757078	CYeXgm16ngSELA7M8l	2401:4900:3e38:68b9:843b:bfa0:e210:7f3f	55363	2606:4700:83b2:8c7c:331b:4c6:ccc4:a209	80	1	GET	example.com	/	-	1.1	curl/8.7.1	-	0	513	200	OK	-	-	(empty)	-	-	-	-	-	-	FTtNlM3U7Dmwqe6tZ8	-	text/html
1770556402.827331	CL4mxE1u0bGwoykZK2	2401:4900:3e38:68b9:843b:bfa0:e210:7f3f	55364	2606:4700:83b2:8c7c:331b:4c6:ccc4:a209	80	1	GET	example.com	/	-	1.1	curl/8.7.1	-	0	513	200	OK	-	-	(empty)	-	-	-	-	-	-	F2c6olpE1xGcBbb0a	-	text/html
1770556402.984808	CL5pF945F2dJQMyIA6	2401:4900:3e38:68b9:843b:bfa0:e210:7f3f	55365	2606:4700:83b2:8c7c:331b:4c6:ccc4:a209	80	1	GET	example.com	/	-	1.1	curl/8.7.1	-	0	513	200	OK	-	-	(empty)	-	-	-	-	-	-	FjiHF54h9YFacjpSXe	-	text/html
1770556403.120750	C8Abmj2xqxZdqDOgSk	2401:4900:3e38:68b9:843b:bfa0:e210:7f3f	55366	2606:4700:83b2:8c7c:331b:4c6:ccc4:a209	80	1	GET	example.com	/	-	1.1	curl/8.7.1	-	0	513	200	OK	-	-	(empty)	-	-	-	-	-	-	F8IJ3m31A2tfKzZ3ta	-	text/html
1770556403.267954	CSEBAL38JdC6pY7mif	2401:4900:3e38:68b9:843b:bfa0:e210:7f3f	55367	2606:4700:83b2:8c7c:331b:4c6:ccc4:a209	80	1	GET	example.com	/	-	1.1	curl/8.7.1	-	0	513	200	OK	-	-	(empty)	-	-	-	-	-	-	FTq6Zx3yGLMJCoQBDb	-	text/html
1770556403.424315	CtdBf62v2z6JNYICRj	2401:4900:3e38:68b9:843b:bfa0:e210:7f3f	55368	2606:4700:83b2:8c7c:331b:4c6:ccc4:a209	80	1	GET	example.com	/	-	1.1	curl/8.7.1	-	0	513	200	OK	-	-	(empty)	-	-	-	-	-	-	FetVry2yG1vTwqDA5h	-	text/html
1770556403.572757	CYQAPL35F1bDFZ4zA7	2401:4900:3e38:68b9:843b:bfa0:e210:7f3f	55369	2606:4700:83b2:8c7c:331b:4c6:ccc4:a209	80	1	GET	example.com	/	-	1.1	curl/8.7.1	-	0	513	200	OK	-	-	(empty)	-	-	-	-	-	-	FgGGFt36COiAlA4nBb	-	text/html
1770556403.724860	CqyACv3onnbuJiZ4kj	2401:4900:3e38:68b9:843b:bfa0:e210:7f3f	55370	2606:4700:83b2:8c7c:331b:4c6:ccc4:a209	80	1	GET	example.com	/	-	1.1	curl/8.7.1	-	0	513	200	OK	-	-	(empty)	-	-	-	-	-	-	FgwzliOjLibgeUxZh	-	text/html
1770556403.878203	CwRbwq3IbEhRI92ee3	2401:4900:3e38:68b9:843b:bfa0:e210:7f3f	55371	2606:4700:83b2:8c7c:331b:4c6:ccc4:a209	80	1	GET	example.com	/	-	1.1	curl/8.7.1	-	0	513	200	OK	-	-	(empty)	-	-	-	-	-	-	FIEW4e4FLOjqeTqAJi	-	text/html
1770556404.037380	CNKKez2qoZiQGoE4gk	2401:4900:3e38:68b9:843b:bfa0:e210:7f3f	55372	2606:4700:83b2:8c7c:331b:4c6:ccc4:a209	80	1	GET	example.com	/	-	1.1	curl/8.7.1	-	0	513	200	OK	-	-	(empty)	-	-	-	-	-	-	FLumMz4t7ZGAiO5gY7	-	text/html
1770556404.187774	C2TryP1qQiyI1gMcEj	2401:4900:3e38:68b9:843b:bfa0:e210:7f3f	55373	2606:4700:83b2:8c7c:331b:4c6:ccc4:a209	80	1	GET	example.com	/	-	1.1	curl/8.7.1	-	0	513	200	OK	-	-	(empty)	-	-	-	-	-	-	FXM9ruT70MOxuKsB5	-	text/html
1770556404.346950	CEAx9h16guSUj0yf48	2401:4900:3e38:68b9:843b:bfa0:e210:7f3f	55374	2606:4700:83b2:8c7c:331b:4c6:ccc4:a209	80	1	GET	example.com	/	-	1.1	curl/8.7.1	-	0	513	200	OK	-	-	(empty)	-	-	-	-	-	-	F7xs1cN6gZavVFcQi	-	text/html
1770556404.502764	CSBEqf1zNrKYvTEgqk	2401:4900:3e38:68b9:843b:bfa0:e210:7f3f	55375	2606:4700:83b2:8c7c:331b:4c6:ccc4:a209	80	1	GET	example.com	/	-	1.1	curl/8.7.1	-	0	513	200	OK	-	-	(empty)	-	-	-	-	-	-	FnjDnvGcMP4Arnqki	-	text/html
1770556404.680506	Cz6Sw24KGc7rNoDvIa	2401:4900:3e38:68b9:843b:bfa0:e210:7f3f	55376	2606:4700:83b2:8c7c:331b:4c6:ccc4:a209	80	1	GET	example.com	/	-	1.1	curl/8.7.1	-	0	513	200	OK	-	-	(empty)	-	-	-	-	-	-	Fo8hFQ3DdbnpcnveW2	-	text/html
1770556404.853171	CnovkX1YWGQbkVCyFf	2401:4900:3e38:68b9:843b:bfa0:e210:7f3f	55377	2606:4700:83b2:8c7c:331b:4c6:ccc4:a209	80	1	GET	example.com	/	-	1.1	curl/8.7.1	-	0	513	200	OK	-	-	(empty)	-	-	-	-	-	-	FX9X5D3f7EF9Ewh6Bc	-	text/html
1770556405.002812	C9WLfA2nBgdrwKFabh	2401:4900:3e38:68b9:843b:bfa0:e210:7f3f	55378	2606:4700:83b2:8c7c:331b:4c6:ccc4:a209	80	1	GET	example.com	/	-	1.1	curl/8.7.1	-	0	513	200	OK	-	-	(empty)	-	-	-	-	-	-	FDzpYF5oiPXXBEPKa	-	text/html
1770556405.147643	Cg5JrGflP5XDJ9GMg	2401:4900:3e38:68b9:843b:bfa0:e210:7f3f	55379	2606:4700:83b2:8c7c:331b:4c6:ccc4:a209	80	1	GET	example.com	/	-	1.1	curl/8.7.1	-	0	513	200	OK	-	-	(empty)	-	-	-	-	-	-	FVmh75W7c4bPPj4B	-	text/html
1770556405.282649	CEk1pkn9k2lIfw3j1	2401:4900:3e38:68b9:843b:bfa0:e210:7f3f	55380	2606:4700:83b2:8c7c:331b:4c6:ccc4:a209	80	1	GET	example.com	/	-	1.1	curl/8.7.1	-	0	513	200	OK	-	-	(empty)	-	-	-	-	-	-	FqIXNH2hECG23oMFq6	-	text/html
1770556469.536621	CIB2vT115TtVgdjHS4	172.20.10.2	55382	104.18.27.120	80	1	GET	example.com	/	-	1.1	curl/8.7.1	-	0	513	200	OK	-	-	(empty)	-	-	-	-	-	-	F7ip4N22yMbKCIEfJg	-	text/html
1770556469.687620	CWD3STq17FSYtwG02	2401:4900:3e38:68b9:843b:bfa0:e210:7f3f	55383	2606:4700:83b2:8c7c:331b:4c6:ccc4:a209	80	1	GET	example.com	/	-	1.1	curl/8.7.1	-	0	513	200	OK	-	-	(empty)	-	-	-	-	-	-	FGRXhI3MCJZA2uJtDh	-	text/html
1770556469.863287	CvuJgZ1Y39jqtz4kYh	2401:4900:3e38:68b9:843b:bfa0:e210:7f3f	55384	2606:4700:83b2:8c7c:331b:4c6:ccc4:a209	80	1	GET	example.com	/	-	1.1	curl/8.7.1	-	0	513	200	OK	-	-	(empty)	-	-	-	-	-	-	FN5k664EgUSk9YmF5k	-	text/html
1770556470.041877	CRcmgt1DYeXJvhKVI7	2401:4900:3e38:68b9:843b:bfa0:e210:7f3f	55385	2606:4700:83b2:8c7c:331b:4c6:ccc4:a209	80	1	GET	example.com	/	-	1.1	curl/8.7.1	-	0	513	200	OK	-	-	(empty)	-	-	-	-	-	-	FZRWBH2RD1ZVAQ1EL2	-	text/html
1770556470.207718	CDcGOd3tvBKfwLdUVj	2401:4900:3e38:68b9:843b:bfa0:e210:7f3f	55386	2606:4700:83b2:8c7c:331b:4c6:ccc4:a209	80	1	GET	example.com	/	-	1.1	curl/8.7.1	-	0	513	200	OK	-	-	(empty)	-	-	-	-	-	-	FlwmsW3TIajfIUl1k	-	text/html
1770556470.343788	CW7BZj72gjCoNNHR2	2401:4900:3e38:68b9:843b:bfa0:e210:7f3f	55387	2606:4700:83b2:8c7c:331b:4c6:ccc4:a209	80	1	GET	example.com	/	-	1.1	curl/8.7.1	-	0	513	200	OK	-	-	(empty)	-	-	-	-	-	-	FSxJ7a8ZwoGpQ7j82	-	text/html
1770556470.482292	CyQ4dP3OsvkQ9TUKF7	2401:4900:3e38:68b9:843b:bfa0:e210:7f3f	55388	2606:4700:83b2:8c7c:331b:4c6:ccc4:a209	80	1	GET	example.com	/	-	1.1	curl/8.7.1	-	0	513	200	OK	-	-	(empty)	-	-	-	-	-	-	F2yqDro7p56gfePE	-	text/html
1770556470.617427	CmdduG3Ei8RXkoXQua	2401:4900:3e38:68b9:843b:bfa0:e210:7f3f	55389	2606:4700:83b2:8c7c:331b:4c6:ccc4:a209	80	1	GET	example.com	/	-	1.1	curl/8.7.1	-	0	513	200	OK	-	-	(empty)	-	-	-	-	-	-	Foh7Zx1Z48wJEhnjTl	-	text/html
1770556470.776978	ClLHfE4CrMZCrF1wU2	2401:4900:3e38:68b9:843b:bfa0:e210:7f3f	55390	2606:4700:83b2:8c7c:331b:4c6:ccc4:a209	80	1	GET	example.com	/	-	1.1	curl/8.7.1	-	0	513	200	OK	-	-	(empty)	-	-	-	-	-	-	Fdl2Oi4bEHY6MpsAvk	-	text/html
1770556470.929361	CqmR3nzQ6OSJXJ9Fk	2401:4900:3e38:68b9:843b:bfa0:e210:7f3f	55391	2606:4700:83b2:8c7c:331b:4c6:ccc4:a209	80	1	GET	example.com	/	-	1.1	curl/8.7.1	-	0	513	200	OK	-	-	(empty)	-	-	-	-	-	-	F71LAi4b5ZlRcUl0C5	-	text/html
1770556471.081636	C27kvCTB7jRy1QFg3	2401:4900:3e38:68b9:843b:bfa0:e210:7f3f	55392	2606:4700:83b2:8c7c:331b:4c6:ccc4:a209	80	1	GET	example.com	/	-	1.1	curl/8.7.1	-	0	513	200	OK	-	-	(empty)	-	-	-	-	-	-	FCJhaX3tlcoBtnhuFe	-	text/html
1770556471.223739	CLImA63cVAPU7Le2tg	2401:4900:3e38:68b9:843b:bfa0:e210:7f3f	55393	2606:4700:83b2:8c7c:331b:4c6:ccc4:a209	80	1	GET	example.com	/	-	1.1	curl/8.7.1	-	0	513	200	OK	-	-	(empty)	-	-	-	-	-	-	F976de1UpQvYGIVsp6	-	text/html
1770556471.367707	CLbG0g35baCEtwkE8c	2401:4900:3e38:68b9:843b:bfa0:e210:7f3f	55394	2606:4700:83b2:8c7c:331b:4c6:ccc4:a209	80	1	GET	example.com	/	-	1.1	curl/8.7.1	-	0	513	200	OK	-	-	(empty)	-	-	-	-	-	-	FKEwMY1c0sUPRjhg18	-	text/html
1770556471.520261	CN76ou1yo8HSXCdaDa	2401:4900:3e38:68b9:843b:bfa0:e210:7f3f	55395	2606:4700:83b2:8c7c:331b:4c6:ccc4:a209	80	1	GET	example.com	/	-	1.1	curl/8.7.1	-	0	513	200	OK	-	-	(empty)	-	-	-	-	-	-	Fr9ikn1tDUaZJ3rZS2	-	text/html
1770556471.674074	CCbKZf2HIACNYQ3Mte	2401:4900:3e38:68b9:843b:bfa0:e210:7f3f	55396	2606:4700:83b2:8c7c:331b:4c6:ccc4:a209	80	1	GET	example.com	/	-	1.1	curl/8.7.1	-	0	513	200	OK	-	-	(empty)	-	-	-	-	-	-	FuEgZ1Z5VKaacrQ54	-	text/html
1770556471.824007	CjcHGr1DG7BSBtZjk6	2401:4900:3e38:68b9:843b:bfa0:e210:7f3f	55397	2606:4700:83b2:8c7c:331b:4c6:ccc4:a209	80	1	GET	example.com	/	-	1.1	curl/8.7.1	-	0	513	200	OK	-	-	(empty)	-	-	-	-	-	-	Fqks8n3JMwNw30Cj85	-	text/html
1770556471.982577	CxiloM1cq4SKo1m1W6	2401:4900:3e38:68b9:843b:bfa0:e210:7f3f	55398	2606:4700:83b2:8c7c:331b:4c6:ccc4:a209	80	1	GET	example.com	/	-	1.1	curl/8.7.1	-	0	513	200	OK	-	-	(empty)	-	-	-	-	-	-	FjMo6L1hkTWSukbqdg	-	text/html
1770556472.134922	COgegN3NEjTap5oXC3	2401:4900:3e38:68b9:843b:bfa0:e210:7f3f	55399	2606:4700:83b2:8c7c:331b:4c6:ccc4:a209	80	1	GET	example.com	/	-	1.1	curl/8.7.1	-	0	513	200	OK	-	-	(empty)	-	-	-	-	-	-	FfGPBC1WkyIwdKDjD4	-	text/html
1770556472.277305	CUMnux16pMsRHy97hh	2401:4900:3e38:68b9:843b:bfa0:e210:7f3f	55400	2606:4700:83b2:8c7c:331b:4c6:ccc4:a209	80	1	GET	example.com	/	-	1.1	curl/8.7.1	-	0	513	200	OK	-	-	(empty)	-	-	-	-	-	-	FjFv5k1zfLwdCOVAOd	-	text/html
1770556472.427085	CLasM43KsgPfEghlFh	2401:4900:3e38:68b9:843b:bfa0:e210:7f3f	55401	2606:4700:83b2:8c7c:331b:4c6:ccc4:a209	80	1	GET	example.com	/	-	1.1	curl/8.7.1	-	0	513	200	OK	-	-	(empty)	-	-	-	-	-	-	Fgc2fV23s9cRe3SQj	-	text/html
#close	2026-02-08-18-45-11
