#separator \x09
#set_separator	,
#empty_field	(empty)
#unset_field	-
#path	ssl
#open	2026-02-08-18-43-13
#fields	ts	uid	id.orig_h	id.orig_p	id.resp_h	id.resp_p	version	cipher	curve	server_name	resumed	last_alert	next_protocol	established	ssl_history	cert_chain_fps	client_cert_chain_fps	sni_matches_cert
#types	time	string	addr	port	addr	port	string	string	string	string	bool	string	string	bool	string	vector[string]	vector[string]	bool
1770556392.266118	CRUDP03f6zAGxIi575	2401:4900:3e38:68b9:843b:bfa0:e210:7f3f	53370	2a03:2880:f346:120:face:b00c:0:167	443	TLSv13	TLS_CHACHA20_POLY1305_SHA256	X25519MLKEM768	graph.whatsapp.net	F	-	-	T	CsiI	-	-	-
1770556373.247420	CrmzdJ2G1OtUVkPyc5	2401:4900:3e38:68b9:843b:bfa0:e210:7f3f	58298	2001:4860:4802:32::223	443	TLSv13	TLS_AES_128_GCM_SHA256	X25519MLKEM768	securetoken.googleapis.com	T	-	-	F	Cs	-	-	-
1770556377.040627	CzJvWq1p3V7LQR1RLc	2401:4900:3e38:68b9:843b:bfa0:e210:7f3f	54136	2404:6800:4007:81b::2003	443	TLSv13	TLS_AES_128_GCM_SHA256	X25519MLKEM768	ssl.gstatic.com	T	-	-	F	Cs	-	-	-
1770556391.629211	CQwacw1T9af7Z2jmnj	2401:4900:3e38:68b9:843b:bfa0:e210:7f3f	53596	2600:1901:1:7c5::	443	TLSv13	TLS_AES_128_GCM_SHA256	x25519	spclient.wg.spotify.com	T	-	-	F	Cs	-	-	-
1770556408.135032	CZ8h0z3ZXeLva57Oi5	2401:4900:3e38:68b9:843b:bfa0:e210:7f3f	63072	2404:6800:4007:81b::2003	443	TLSv13	TLS_AES_128_GCM_SHA256	X25519MLKEM768	ssl.gstatic.com	T	-	-	F	Cs	-	-	-
1770556416.765739	Cel7Je4bH6RyrpLNv	2401:4900:3e38:68b9:843b:bfa0:e210:7f3f	62031	2404:6800:4000:1025::54	443	TLSv13	TLS_AES_128_GCM_SHA256	X25519MLKEM768	accounts.google.com	T	-	-	F	Cs	-	-	-
1770556439.576034	CXNbf51o774ncA4t8l	2401:4900:3e38:68b9:843b:bfa0:e210:7f3f	56140	2404:6800:4007:81b::2003	443	TLSv13	TLS_AES_128_GCM_SHA256	X25519MLKEM768	ssl.gstatic.com	T	-	-	F	Cs	-	-	-
1770556501.038309	CD5r7b4m9p0hnmv0t3	2401:4900:3e38:68b9:843b:bfa0:e210:7f3f	56041	2404:6800:4007:81b::2003	443	TLSv13	TLS_AES_128_GCM_SHA256	X25519MLKEM768	ssl.gstatic.com	T	-	-	F	Cs	-	-	-
1770556490.833225	ClCRYAUhrjS38THEj	2401:4900:3e38:68b9:843b:bfa0:e210:7f3f	65509	2404:6800:4007:83a::200a	443	TLSv13	TLS_AES_128_GCM_SHA256	X25519MLKEM768	2-prod-dynamite-prod-05-us-signaler-pa.clients6.google.com	T	-	-	F	Cs	-	-	-
1770556486.448065	C1D7br3QlVXTuSnjA2	2401:4900:3e38:68b9:843b:bfa0:e210:7f3f	59483	2404:6800:4007:83b::200a	443	TLSv13	TLS_AES_128_GCM_SHA256	X25519MLKEM768	prod-dynamite-prod-05-us-signaler-pa.clients6.google.com	T	-	-	F	Cs	-	-	-
1770556470.133609	CIP7dV3gIYFhsHc6yi	2401:4900:3e38:68b9:843b:bfa0:e210:7f3f	58308	2404:6800:4007:81b::2003	443	TLSv13	TLS_AES_128_GCM_SHA256	X25519MLKEM768	ssl.gstatic.com	T	-	-	F	Cs	-	-	-
1770556483.192955	CNMQGV3zOsChUdatfj	2401:4900:3e38:68b9:843b:bfa0:e210:7f3f	52393	2404:6800:4007:81b::2003	443	TLSv13	TLS_AES_128_GCM_SHA256	X25519MLKEM768	ssl.gstatic.com	T	-	-	F	Cs	-	-	-
#close	2026-02-08-18-45-11
